<?xml version="1.0" encoding="UTF-8"?>
<testng-results ignored="0" total="2" passed="1" failed="1" skipped="0">
  <reporter-output>
  </reporter-output>
  <suite started-at="2024-09-06T00:42:50 IST" name="Suite" finished-at="2024-09-06T00:43:27 IST" duration-ms="36524">
    <groups>
    </groups>
    <test started-at="2024-09-06T00:42:50 IST" name="Test" finished-at="2024-09-06T00:43:27 IST" duration-ms="36524">
      <class name="com.newpro01.testCases.TC_Newemail_002">
        <test-method is-config="true" signature="setup()[pri:0, instance:com.newpro01.testCases.TC_Newemail_002@22ff4249]" started-at="2024-09-06T00:43:00 IST" name="setup" finished-at="2024-09-06T00:43:05 IST" duration-ms="4806" status="PASS">
          <reporter-output>
          </reporter-output>
        </test-method> <!-- setup -->
        <test-method signature="addNewEmail()[pri:0, instance:com.newpro01.testCases.TC_Newemail_002@22ff4249]" started-at="2024-09-06T00:43:05 IST" name="addNewEmail" finished-at="2024-09-06T00:43:27 IST" duration-ms="21954" status="FAIL">
          <exception class="java.lang.Error">
            <message>
              <![CDATA[Unresolved compilation problems: 
By cannot be resolved
type cannot be resolved to a variable
]]>
            </message>
            <full-stacktrace>
              <![CDATA[java.lang.Error: Unresolved compilation problems: 
By cannot be resolved
type cannot be resolved to a variable

at com.newpro01.pageObjects.Newemail.dropdtypeofemail(Newemail.java:99)
at com.newpro01.testCases.TC_Newemail_002.addNewEmail(TC_Newemail_002.java:52)
at java.base/jdk.internal.reflect.DirectMethodHandleAccessor.invoke(DirectMethodHandleAccessor.java:103)
at java.base/java.lang.reflect.Method.invoke(Method.java:580)
at org.testng.internal.invokers.MethodInvocationHelper.invokeMethod(MethodInvocationHelper.java:139)
at org.testng.internal.invokers.TestInvoker.invokeMethod(TestInvoker.java:677)
at org.testng.internal.invokers.TestInvoker.invokeTestMethod(TestInvoker.java:221)
at org.testng.internal.invokers.MethodRunner.runInSequence(MethodRunner.java:50)
at org.testng.internal.invokers.TestInvoker$MethodInvocationAgent.invoke(TestInvoker.java:969)
at org.testng.internal.invokers.TestInvoker.invokeTestMethods(TestInvoker.java:194)
at org.testng.internal.invokers.TestMethodWorker.invokeTestMethods(TestMethodWorker.java:148)
at org.testng.internal.invokers.TestMethodWorker.run(TestMethodWorker.java:128)
at java.base/java.util.ArrayList.forEach(ArrayList.java:1596)
at org.testng.TestRunner.privateRun(TestRunner.java:829)
at org.testng.TestRunner.run(TestRunner.java:602)
at org.testng.SuiteRunner.runTest(SuiteRunner.java:437)
at org.testng.SuiteRunner.runSequentially(SuiteRunner.java:431)
at org.testng.SuiteRunner.privateRun(SuiteRunner.java:391)
at org.testng.SuiteRunner.run(SuiteRunner.java:330)
at org.testng.SuiteRunnerWorker.runSuite(SuiteRunnerWorker.java:52)
at org.testng.SuiteRunnerWorker.run(SuiteRunnerWorker.java:95)
at org.testng.TestNG.runSuitesSequentially(TestNG.java:1256)
at org.testng.TestNG.runSuitesLocally(TestNG.java:1176)
at org.testng.TestNG.runSuites(TestNG.java:1099)
at org.testng.TestNG.run(TestNG.java:1067)
at org.testng.remote.AbstractRemoteTestNG.run(AbstractRemoteTestNG.java:115)
at org.testng.remote.RemoteTestNG.initAndRun(RemoteTestNG.java:293)
at org.testng.remote.RemoteTestNG.main(RemoteTestNG.java:91)
]]>
            </full-stacktrace>
          </exception> <!-- java.lang.Error -->
          <reporter-output>
          </reporter-output>
        </test-method> <!-- addNewEmail -->
        <test-method is-config="true" signature="tearDown()[pri:0, instance:com.newpro01.testCases.TC_Newemail_002@22ff4249]" started-at="2024-09-06T00:43:27 IST" name="tearDown" finished-at="2024-09-06T00:43:27 IST" duration-ms="214" status="PASS">
          <reporter-output>
          </reporter-output>
        </test-method> <!-- tearDown -->
      </class> <!-- com.newpro01.testCases.TC_Newemail_002 -->
      <class name="com.newpro01.testCases.TC_LogingTest_001">
        <test-method is-config="true" signature="setup()[pri:0, instance:com.newpro01.testCases.TC_LogingTest_001@34e9fd99]" started-at="2024-09-06T00:42:50 IST" name="setup" finished-at="2024-09-06T00:42:56 IST" duration-ms="5460" status="PASS">
          <reporter-output>
          </reporter-output>
        </test-method> <!-- setup -->
        <test-method signature="loginTest()[pri:0, instance:com.newpro01.testCases.TC_LogingTest_001@34e9fd99]" started-at="2024-09-06T00:42:56 IST" name="loginTest" finished-at="2024-09-06T00:42:59 IST" duration-ms="3457" status="PASS">
          <reporter-output>
          </reporter-output>
        </test-method> <!-- loginTest -->
        <test-method is-config="true" signature="tearDown()[pri:0, instance:com.newpro01.testCases.TC_LogingTest_001@34e9fd99]" started-at="2024-09-06T00:42:59 IST" name="tearDown" finished-at="2024-09-06T00:43:00 IST" duration-ms="358" status="PASS">
          <reporter-output>
          </reporter-output>
        </test-method> <!-- tearDown -->
      </class> <!-- com.newpro01.testCases.TC_LogingTest_001 -->
    </test> <!-- Test -->
  </suite> <!-- Suite -->
</testng-results>
