<?xml version="1.0" encoding="UTF-8"?>
<!-- Generated by org.testng.reporters.JUnitXMLReporter -->
<testsuite ignored="0" hostname="TOGSL-PD-19" failures="1" tests="2" name="Test" time="36.524" errors="0" timestamp="2024-09-06T00:43:27 IST">
  <testcase classname="com.newpro01.testCases.TC_LogingTest_001" name="loginTest" time="3.457"/>
  <testcase classname="com.newpro01.testCases.TC_Newemail_002" name="addNewEmail" time="21.954">
    <failure type="java.lang.Error" message="Unresolved compilation problems: 
	By cannot be resolved
	type cannot be resolved to a variable
">
      <![CDATA[java.lang.Error: Unresolved compilation problems: 
By cannot be resolved
type cannot be resolved to a variable

at com.newpro01.pageObjects.Newemail.dropdtypeofemail(Newemail.java:99)
at com.newpro01.testCases.TC_Newemail_002.addNewEmail(TC_Newemail_002.java:52)
at java.base/java.util.ArrayList.forEach(ArrayList.java:1596)
... Removed 25 stack frames]]>
    </failure>
  </testcase> <!-- addNewEmail -->
</testsuite> <!-- Test -->
